<?xml version="1.0" encoding="UTF-8"?>
<!-- Generated by org.testng.reporters.JUnitReportReporter -->
<testsuite hostname="MD3C7C3F2B0C94" failures="0" tests="1" name="org.example.tests.HomePageTestCases" time="11.200" errors="0" timestamp="2023-04-11T17:28:09 EEST" skipped="0">
  <testcase classname="org.example.tests.HomePageTestCases" name="getCurrencyByValueRange" time="11.200"/>
  <system-out/>
</testsuite> <!-- org.example.tests.HomePageTestCases -->
