<?xml version="1.0" encoding="UTF-8"?>
<!-- Generated by org.testng.reporters.JUnitReportReporter -->
<testsuite hostname="MD3C7C3F2B0C94" failures="0" tests="3" name="org.example.tests.LoginTestCases" time="8.272" errors="0" timestamp="2023-04-11T20:33:00 EEST" skipped="0">
  <testcase classname="org.example.tests.LoginTestCases" name="loginAnExistingUser" time="2.508"/>
  <system-out/>
  <testcase classname="org.example.tests.LoginTestCases" name="loginWithNewCredentials" time="3.134"/>
  <system-out/>
  <testcase classname="org.example.tests.LoginTestCases" name="loginWithAnExistingUsernameAndWrongPassword" time="2.630"/>
  <system-out/>
</testsuite> <!-- org.example.tests.LoginTestCases -->
